This is pdfTeX, Version 3.1415926-2.3-1.40.12 (TeX Live 2011/Fink) (format=pdflatex 2012.5.29)  26 MAR 2013 11:33
entering extended mode
 restricted \write18 enabled.
 %&-line parsing enabled.
**\input 2tutorial.tex
(./2tutorial.tex (/sw/share/texmf-dist/tex/latex/base/article.cls
Document Class: article 2007/10/19 v1.4h Standard LaTeX document class
(/sw/share/texmf-dist/tex/latex/base/leqno.clo
File: leqno.clo 1998/08/17 v1.1c Standard LaTeX option (left equation numbers)
)
(/sw/share/texmf-dist/tex/latex/base/size12.clo
File: size12.clo 2007/10/19 v1.4h Standard LaTeX file (size option)
)
\c@part=\count79
\c@section=\count80
\c@subsection=\count81
\c@subsubsection=\count82
\c@paragraph=\count83
\c@subparagraph=\count84
\c@figure=\count85
\c@table=\count86
\abovecaptionskip=\skip41
\belowcaptionskip=\skip42
\bibindent=\dimen102
)
(/sw/share/texmf-dist/tex/latex/amsmath/amsmath.sty
Package: amsmath 2000/07/18 v2.13 AMS math features
\@mathmargin=\skip43

For additional information on amsmath, use the `?' option.
(/sw/share/texmf-dist/tex/latex/amsmath/amstext.sty
Package: amstext 2000/06/29 v2.01

(/sw/share/texmf-dist/tex/latex/amsmath/amsgen.sty
File: amsgen.sty 1999/11/30 v2.0
\@emptytoks=\toks14
\ex@=\dimen103
))
(/sw/share/texmf-dist/tex/latex/amsmath/amsbsy.sty
Package: amsbsy 1999/11/29 v1.2d
\pmbraise@=\dimen104
)
(/sw/share/texmf-dist/tex/latex/amsmath/amsopn.sty
Package: amsopn 1999/12/14 v2.01 operator names
)
\inf@bad=\count87
LaTeX Info: Redefining \frac on input line 211.
\uproot@=\count88
\leftroot@=\count89
LaTeX Info: Redefining \overline on input line 307.
\classnum@=\count90
\DOTSCASE@=\count91
LaTeX Info: Redefining \ldots on input line 379.
LaTeX Info: Redefining \dots on input line 382.
LaTeX Info: Redefining \cdots on input line 467.
\Mathstrutbox@=\box26
\strutbox@=\box27
\big@size=\dimen105
LaTeX Font Info:    Redeclaring font encoding OML on input line 567.
LaTeX Font Info:    Redeclaring font encoding OMS on input line 568.
\macc@depth=\count92
\c@MaxMatrixCols=\count93
\dotsspace@=\muskip10
\c@parentequation=\count94
\dspbrk@lvl=\count95
\tag@help=\toks15
\row@=\count96
\column@=\count97
\maxfields@=\count98
\andhelp@=\toks16
\eqnshift@=\dimen106
\alignsep@=\dimen107
\tagshift@=\dimen108
\tagwidth@=\dimen109
\totwidth@=\dimen110
\lineht@=\dimen111
\@envbody=\toks17
\multlinegap=\skip44
\multlinetaggap=\skip45
\mathdisplay@stack=\toks18
LaTeX Info: Redefining \[ on input line 2666.
LaTeX Info: Redefining \] on input line 2667.
)
(/sw/share/texmf-dist/tex/latex/amsfonts/amssymb.sty
Package: amssymb 2009/06/22 v3.00

(/sw/share/texmf-dist/tex/latex/amsfonts/amsfonts.sty
Package: amsfonts 2009/06/22 v3.00 Basic AMSFonts support
\symAMSa=\mathgroup4
\symAMSb=\mathgroup5
LaTeX Font Info:    Overwriting math alphabet `\mathfrak' in version `bold'
(Font)                  U/euf/m/n --> U/euf/b/n on input line 96.
))
(/sw/share/texmf-dist/tex/latex/graphics/graphics.sty
Package: graphics 2009/02/05 v1.0o Standard LaTeX Graphics (DPC,SPQR)

(/sw/share/texmf-dist/tex/latex/graphics/trig.sty
Package: trig 1999/03/16 v1.09 sin cos tan (DPC)
)
(/sw/share/texmf-dist/tex/latex/latexconfig/graphics.cfg
File: graphics.cfg 2010/04/23 v1.9 graphics configuration of TeX Live
)
Package graphics Info: Driver file: pdftex.def on input line 91.

(/sw/share/texmf-dist/tex/latex/pdftex-def/pdftex.def
File: pdftex.def 2011/05/27 v0.06d Graphics/color for pdfTeX

(/sw/share/texmf-dist/tex/generic/oberdiek/infwarerr.sty
Package: infwarerr 2010/04/08 v1.3 Providing info/warning/message (HO)
)
(/sw/share/texmf-dist/tex/generic/oberdiek/ltxcmds.sty
Package: ltxcmds 2011/04/18 v1.20 LaTeX kernel commands for general use (HO)
)
\Gread@gobject=\count99
))
(/sw/share/texmf-dist/tex/latex/graphics/color.sty
Package: color 2005/11/14 v1.0j Standard LaTeX Color (DPC)

(/sw/share/texmf-dist/tex/latex/latexconfig/color.cfg
File: color.cfg 2007/01/18 v1.5 color configuration of teTeX/TeXLive
)
Package color Info: Driver file: pdftex.def on input line 130.
)
(/sw/share/texmf-dist/tex/generic/babel/babel.sty
Package: babel 2008/07/06 v3.8l The Babel package

(/sw/share/texmf-dist/tex/generic/babel/spanish.ldf
Language: spanish.ldf 2009/01/02 v5.0h Spanish support from the babel system

(/sw/share/texmf-dist/tex/generic/babel/babel.def
File: babel.def 2008/07/06 v3.8l Babel common definitions
\babel@savecnt=\count100
\U@D=\dimen112
)
\es@datefmt=\count101
\es@quottoks=\toks19
\es@quotdepth=\count102
Package babel Info: Making " an active character on input line 492.
Package babel Info: Making . an active character on input line 585.
Package babel Info: Making < an active character on input line 630.
Package babel Info: Making > an active character on input line 630.
)
(/sw/share/texmf-dist/tex/generic/babel/english.ldf
Language: english 2005/03/30 v3.3o English support from the babel system
\l@canadian = a dialect from \language\l@american 
\l@australian = a dialect from \language\l@british 
\l@newzealand = a dialect from \language\l@british 
))
(/sw/share/texmf-dist/tex/latex/tools/verbatim.sty
Package: verbatim 2003/08/22 v1.5q LaTeX2e package for verbatim enhancements
\every@verbatim=\toks20
\verbatim@line=\toks21
\verbatim@in@stream=\read1
)
(/sw/share/texmf-dist/tex/latex/graphics/graphicx.sty
Package: graphicx 1999/02/16 v1.0f Enhanced LaTeX Graphics (DPC,SPQR)

(/sw/share/texmf-dist/tex/latex/graphics/keyval.sty
Package: keyval 1999/03/16 v1.13 key=value parser (DPC)
\KV@toks@=\toks22
)
\Gin@req@height=\dimen113
\Gin@req@width=\dimen114
)
(/Users/bms/util/definitions.tex)
(/sw/share/texmf-dist/tex/latex/hyperref/hyperref.sty
Package: hyperref 2011/04/17 v6.82g Hypertext links for LaTeX

(/sw/share/texmf-dist/tex/generic/oberdiek/hobsub-hyperref.sty
Package: hobsub-hyperref 2011/04/23 v1.4 Bundle oberdiek, subset hyperref (HO)

(/sw/share/texmf-dist/tex/generic/oberdiek/hobsub-generic.sty
Package: hobsub-generic 2011/04/23 v1.4 Bundle oberdiek, subset generic (HO)
Package: hobsub 2011/04/23 v1.4 Subsetting bundle oberdiek (HO)
Package hobsub Info: Skipping package `infwarerr' (already loaded).
Package hobsub Info: Skipping package `ltxcmds' (already loaded).
Package: ifluatex 2010/03/01 v1.3 Provides the ifluatex switch (HO)
Package ifluatex Info: LuaTeX not detected.
Package: ifvtex 2010/03/01 v1.5 Switches for detecting VTeX and its modes (HO)
Package ifvtex Info: VTeX not detected.
Package: intcalc 2007/09/27 v1.1 Expandable integer calculations (HO)
Package: ifpdf 2011/01/30 v2.3 Provides the ifpdf switch (HO)
Package ifpdf Info: pdfTeX in PDF mode is detected.
Package: etexcmds 2011/02/16 v1.5 Prefix for e-TeX command names (HO)
Package etexcmds Info: Could not find \expanded.
(etexcmds)             That can mean that you are not using pdfTeX 1.50 or
(etexcmds)             that some package has redefined \expanded.
(etexcmds)             In the latter case, load this package earlier.
Package: kvsetkeys 2011/04/07 v1.13 Key value parser (HO)
Package: kvdefinekeys 2011/04/07 v1.3 Defining keys (HO)
Package: pdftexcmds 2011/04/22 v0.16 Utilities of pdfTeX for LuaTeX (HO)
Package pdftexcmds Info: LuaTeX not detected.
Package pdftexcmds Info: \pdf@primitive is available.
Package pdftexcmds Info: \pdf@ifprimitive is available.
Package pdftexcmds Info: \pdfdraftmode found.
Package: pdfescape 2011/04/04 v1.12 Provides string conversions (HO)
Package: bigintcalc 2011/01/30 v1.2 Expandable big integer calculations (HO)
Package: bitset 2011/01/30 v1.1 Data type bit set (HO)
Package: uniquecounter 2011/01/30 v1.2 Provides unlimited unique counter (HO)
)
Package hobsub Info: Skipping package `hobsub' (already loaded).
Package: letltxmacro 2010/09/02 v1.4 Let assignment for LaTeX macros (HO)
Package: hopatch 2011/01/30 v1.0 Wrapper for package hooks (HO)
Package: xcolor-patch 2011/01/30 xcolor patch
Package: atveryend 2011/04/23 v1.7 Hooks at very end of document (HO)
Package atveryend Info: \enddocument detected (standard).
Package: atbegshi 2011/01/30 v1.15 At begin shipout hook (HO)
Package: refcount 2010/12/01 v3.2 Data extraction from references (HO)
Package: hycolor 2011/01/30 v1.7 Color options of hyperref/bookmark (HO)
)
(/sw/share/texmf-dist/tex/generic/ifxetex/ifxetex.sty
Package: ifxetex 2010/09/12 v0.6 Provides ifxetex conditional
)
(/sw/share/texmf-dist/tex/latex/oberdiek/kvoptions.sty
Package: kvoptions 2010/12/23 v3.10 Keyval support for LaTeX options (HO)
)
\@linkdim=\dimen115
\Hy@linkcounter=\count103
\Hy@pagecounter=\count104

(/sw/share/texmf-dist/tex/latex/hyperref/pd1enc.def
File: pd1enc.def 2011/04/17 v6.82g Hyperref: PDFDocEncoding definition (HO)
)
\Hy@SavedSpaceFactor=\count105

(/sw/share/texmf-dist/tex/latex/latexconfig/hyperref.cfg
File: hyperref.cfg 2002/06/06 v1.2 hyperref configuration of TeXLive
)
Package hyperref Info: Option `pdffitwindow' set `true' on input line 3905.
Package hyperref Info: Option `colorlinks' set `true' on input line 3905.
Package hyperref Info: Hyper figures OFF on input line 4026.
Package hyperref Info: Link nesting OFF on input line 4031.
Package hyperref Info: Hyper index ON on input line 4034.
Package hyperref Info: Plain pages OFF on input line 4041.
Package hyperref Info: Backreferencing ON on input line 4044.
Package hyperref Info: Implicit mode ON; LaTeX internals redefined.
Package hyperref Info: Bookmarks ON on input line 4264.

(/sw/share/texmf-dist/tex/latex/hyperref/backref.sty
Package: backref 2010/08/30 v1.36 Bibliographical back referencing

(/sw/share/texmf-dist/tex/latex/oberdiek/rerunfilecheck.sty
Package: rerunfilecheck 2011/04/15 v1.7 Rerun checks for auxiliary files (HO)
Package uniquecounter Info: New unique counter `rerunfilecheck' on input line 2
82.
))
\c@Hy@tempcnt=\count106

(/sw/share/texmf-dist/tex/latex/url/url.sty
\Urlmuskip=\muskip11
Package: url 2006/04/12  ver 3.3  Verb mode for urls, etc.
)
LaTeX Info: Redefining \url on input line 4617.
\Fld@menulength=\count107
\Field@Width=\dimen116
\Fld@charsize=\dimen117
Package hyperref Info: Hyper figures OFF on input line 5701.
Package hyperref Info: Link nesting OFF on input line 5706.
Package hyperref Info: Hyper index ON on input line 5709.
Package hyperref Info: backreferencing ON on input line 5714.
Package hyperref Info: Link coloring ON on input line 5719.
Package hyperref Info: Link coloring with OCG OFF on input line 5726.
Package hyperref Info: PDF/A mode OFF on input line 5731.
LaTeX Info: Redefining \ref on input line 5771.
LaTeX Info: Redefining \pageref on input line 5775.
\Hy@abspage=\count108
\c@Item=\count109
\c@Hfootnote=\count110
)

Package hyperref Message: Driver (autodetected): hpdftex.

(/sw/share/texmf-dist/tex/latex/hyperref/hpdftex.def
File: hpdftex.def 2011/04/17 v6.82g Hyperref driver for pdfTeX
\Fld@listcount=\count111
\c@bookmark@seq@number=\count112
\Hy@SectionHShift=\skip46
)

LaTeX Font Warning: Font shape `OT1/cmss/m/n' in size <15> not available
(Font)              size <14.4> substituted on input line 32.

(/sw/share/texmf-dist/tex/latex/fancyhdr/fancyhdr.sty
\fancy@headwidth=\skip47
\f@ncyO@elh=\skip48
\f@ncyO@erh=\skip49
\f@ncyO@olh=\skip50
\f@ncyO@orh=\skip51
\f@ncyO@elf=\skip52
\f@ncyO@erf=\skip53
\f@ncyO@olf=\skip54
\f@ncyO@orf=\skip55
) (./2tutorial.aux)
\openout1 = `2tutorial.aux'.

LaTeX Font Info:    Checking defaults for OML/cmm/m/it on input line 105.
LaTeX Font Info:    ... okay on input line 105.
LaTeX Font Info:    Checking defaults for T1/cmr/m/n on input line 105.
LaTeX Font Info:    ... okay on input line 105.
LaTeX Font Info:    Checking defaults for OT1/cmr/m/n on input line 105.
LaTeX Font Info:    ... okay on input line 105.
LaTeX Font Info:    Checking defaults for OMS/cmsy/m/n on input line 105.
LaTeX Font Info:    ... okay on input line 105.
LaTeX Font Info:    Checking defaults for OMX/cmex/m/n on input line 105.
LaTeX Font Info:    ... okay on input line 105.
LaTeX Font Info:    Checking defaults for U/cmr/m/n on input line 105.
LaTeX Font Info:    ... okay on input line 105.
LaTeX Font Info:    Checking defaults for PD1/pdf/m/n on input line 105.
LaTeX Font Info:    ... okay on input line 105.

(/sw/share/texmf-dist/tex/context/base/supp-pdf.mkii
[Loading MPS to PDF converter (version 2006.09.02).]
\scratchcounter=\count113
\scratchdimen=\dimen118
\scratchbox=\box28
\nofMPsegments=\count114
\nofMParguments=\count115
\everyMPshowfont=\toks23
\MPscratchCnt=\count116
\MPscratchDim=\dimen119
\MPnumerator=\count117
\makeMPintoPDFobject=\count118
\everyMPtoPDFconversion=\toks24
) (/sw/share/texmf-dist/tex/latex/oberdiek/epstopdf-base.sty
Package: epstopdf-base 2010/02/09 v2.5 Base part for package epstopdf

(/sw/share/texmf-dist/tex/latex/oberdiek/grfext.sty
Package: grfext 2010/08/19 v1.1 Managing graphics extensions (HO)
)
Package grfext Info: Graphics extension search list:
(grfext)             [.png,.pdf,.jpg,.mps,.jpeg,.jbig2,.jb2,.PNG,.PDF,.JPG,.JPE
G,.JBIG2,.JB2,.eps]
(grfext)             \AppendGraphicsExtensions on input line 452.

(/sw/share/texmf-dist/tex/latex/latexconfig/epstopdf-sys.cfg
File: epstopdf-sys.cfg 2010/07/13 v1.3 Configuration of (r)epstopdf for TeX Liv
e
))
\AtBeginShipoutBox=\box29
Package hyperref Info: Link coloring ON on input line 105.

(/sw/share/texmf-dist/tex/latex/hyperref/nameref.sty
Package: nameref 2010/04/30 v2.40 Cross-referencing by name of section

(/sw/share/texmf-dist/tex/generic/oberdiek/gettitlestring.sty
Package: gettitlestring 2010/12/03 v1.4 Cleanup title references (HO)
)
\c@section@level=\count119
)
LaTeX Info: Redefining \ref on input line 105.
LaTeX Info: Redefining \pageref on input line 105.
LaTeX Info: Redefining \nameref on input line 105.

(./2tutorial.out) (./2tutorial.out)
\@outlinefile=\write3
\openout3 = `2tutorial.out'.


<logo-cio-nuevo.jpg, id=104, 374.3586pt x 203.0787pt>
File: logo-cio-nuevo.jpg Graphic file (type jpg)
 <use logo-cio-nuevo.jpg>
Package pdftex.def Info: logo-cio-nuevo.jpg used on input line 109.
(pdftex.def)             Requested size: 187.17883pt x 101.5391pt.
LaTeX Font Info:    Try loading font information for U+msa on input line 109.

(/sw/share/texmf-dist/tex/latex/amsfonts/umsa.fd
File: umsa.fd 2009/06/22 v3.00 AMS symbols A
)
LaTeX Font Info:    Try loading font information for U+msb on input line 109.

(/sw/share/texmf-dist/tex/latex/amsfonts/umsb.fd
File: umsb.fd 2009/06/22 v3.00 AMS symbols B
)
LaTeX Font Info:    Try loading font information for OMS+cmr on input line 109.


(/sw/share/texmf-dist/tex/latex/base/omscmr.fd
File: omscmr.fd 1999/05/25 v2.5h Standard LaTeX font definitions
)
LaTeX Font Info:    Font shape `OMS/cmr/bx/n' in size <12> not available
(Font)              Font shape `OMS/cmsy/b/n' tried instead on input line 109.

Overfull \hbox (4.62022pt too wide) in paragraph at lines 109--109
 [][] 
 []

(./2tutorial.toc [1

{/sw/var/lib/texmf/fonts/map/pdftex/updmap/pdftex.map} <./logo-cio-nuevo.jpg>]
LaTeX Font Info:    Font shape `OMS/cmr/bx/n' in size <8> not available
(Font)              Font shape `OMS/cmsy/b/n' tried instead on input line 12.


Package Fancyhdr Warning: \headheight is too small (12.0pt): 
 Make it at least 14.49998pt.
 We now make it that large for the rest of the document.
 This may cause the page layout to be inconsistent, however.

[2])
\tf@toc=\write4
\openout4 = `2tutorial.toc'.

 [3]
LaTeX Font Info:    Font shape `OMS/cmr/m/n' in size <8> not available
(Font)              Font shape `OMS/cmsy/m/n' tried instead on input line 127.

Underfull \hbox (badness 10000) in paragraph at lines 127--130

 []

LaTeX Font Info:    Font shape `OMS/cmr/m/n' in size <12> not available
(Font)              Font shape `OMS/cmsy/m/n' tried instead on input line 140.
[4]
Overfull \hbox (12.2964pt too wide) in paragraph at lines 152--160
[]\OT1/cmtt/m/n/12 clustering/itaxeo: []all_nodes.sh\OT1/cmr/m/n/12 , and []\OT
1/cmtt/m/n/12 runSCF_19_Octubre_2009.sh\OT1/cmr/m/n/12 , 
 []

[5] [6]

Package hyperref Warning: Token not allowed in a PDF string (PDFDocEncoding):
(hyperref)                removing `math shift' on input line 228.


Package hyperref Warning: Token not allowed in a PDF string (PDFDocEncoding):
(hyperref)                removing `superscript' on input line 228.


Package hyperref Warning: Token not allowed in a PDF string (PDFDocEncoding):
(hyperref)                removing `\mathsurround' on input line 228.


Package hyperref Warning: Token not allowed in a PDF string (PDFDocEncoding):
(hyperref)                removing `\z@' on input line 228.


Package hyperref Warning: Token not allowed in a PDF string (PDFDocEncoding):
(hyperref)                removing `math shift' on input line 228.


Package hyperref Warning: Token not allowed in a PDF string (PDFDocEncoding):
(hyperref)                removing `superscript' on input line 228.


Package hyperref Warning: Token not allowed in a PDF string (PDFDocEncoding):
(hyperref)                removing `math shift' on input line 228.


Package hyperref Warning: Token not allowed in a PDF string (PDFDocEncoding):
(hyperref)                removing `math shift' on input line 228.


Underfull \hbox (badness 10000) in paragraph at lines 242--243

 []

[7]
Overfull \hbox (19.52562pt too wide) in paragraph at lines 298--303
[]\OT1/cmr/m/n/12 The []\OT1/cmtt/m/n/12 setUpAbinit_si_as_6.in\OT1/cmr/m/n/12 
, []\OT1/cmtt/m/n/12 si_as_6.xyz \OT1/cmr/m/n/12 and []\OT1/cmtt/m/n/12 .machin
es_*.original
 []

[8]
Overfull \hbox (8.0048pt too wide) in paragraph at lines 309--311
[]\OT1/cmr/m/n/10.95 Check that the in-put pa-ra-me-ters are con-sis-tently ta-
ken. i.e. with/without
 []


Overfull \hbox (2.32253pt too wide) in paragraph at lines 316--317
[][]\OT1/cmtt/m/n/12 .machines_latm.original \OT1/cmr/m/n/12 for the in-te-gran
ds ([]only one CPU from
 []

[9] [10]
Overfull \hbox (39.52281pt too wide) in paragraph at lines 403--405
[]\OT1/cmr/m/n/12 This dis-tri-bu-tes $\OML/cmm/m/it/12 N[]$ \OT1/cmr/m/n/12 po
ints in the no-des gi-ven in []\OT1/cmtt/m/n/12 .machines_pmn.original 
 []

[11]
Overfull \hbox (3.69987pt too wide) in paragraph at lines 435--435
 []   \OT1/cmtt/m/n/12 -p      Momentum Matrix Elements p_{mn}(k), includes m=n
[] 
 []


Overfull \hbox (40.7499pt too wide) in paragraph at lines 438--438
 []   \OT1/cmtt/m/n/12 -l      Layered Diagonal Momentum Matrix Elements calp_{
mm}(k)[] 
 []

[12] <plots/3drho.pdf, id=242, 329.23pt x 138.5175pt>
File: plots/3drho.pdf Graphic file (type pdf)
 <use plots/3drho.pdf>
Package pdftex.def Info: plots/3drho.pdf used on input line 509.
(pdftex.def)             Requested size: 329.22919pt x 138.51715pt.

[13 <./plots/3drho.pdf>]
Overfull \hbox (3.12766pt too wide) in paragraph at lines 537--539
[]\OT1/cmr/m/n/12 to era-se the SCF cal-cu-la-tion.[]Warning: this era-ses the 
wave-function
 []


Underfull \hbox (badness 10000) in paragraph at lines 552--556

 []

[14]
Underfull \hbox (badness 10000) in paragraph at lines 578--588

 []


Overfull \hbox (37.66609pt too wide) in paragraph at lines 578--588
[]
 []


Underfull \hbox (badness 10000) in paragraph at lines 599--607

 []


Underfull \hbox (badness 10000) in paragraph at lines 599--607

 []

[15] <plots/shg-bulk.pdf, id=295, 347.2975pt x 210.7875pt>
File: plots/shg-bulk.pdf Graphic file (type pdf)

<use plots/shg-bulk.pdf>
Package pdftex.def Info: plots/shg-bulk.pdf used on input line 632.
(pdftex.def)             Requested size: 173.64832pt x 105.3935pt.

<plots/shg-surface.pdf, id=296, 347.2975pt x 210.7875pt>
File: plots/shg-surface.pdf Graphic file (type pdf)

<use plots/shg-surface.pdf>
Package pdftex.def Info: plots/shg-surface.pdf used on input line 642.
(pdftex.def)             Requested size: 173.64832pt x 105.3935pt.
 [16 <./plots/shg-bulk.pdf>]
Underfull \hbox (badness 10000) in paragraph at lines 657--658

 []


Underfull \hbox (badness 10000) in paragraph at lines 668--670

 []

[17 <./plots/shg-surface.pdf>]
Overfull \hbox (9.43057pt too wide) in paragraph at lines 684--696
\OT1/cmr/m/n/12 Then you ha-ve to link the new mo-du-le to the-se next su-brou-
ti-nes/modules: 
 []


Overfull \hbox (22.81874pt too wide) in paragraph at lines 705--707
\OT1/cmr/m/n/12 Notice that the ca-se num-ber is ar-bi-trary but is is lin-ked 
to the []\OT1/cmtt/m/n/12 ONLY :: SHG1 
 []

[18]
Overfull \hbox (4.84955pt too wide) in paragraph at lines 721--727
[]  \OT1/cmtt/m/n/12 WRITE(6,*) "Second-harmonic generation: Length Gauge" 
 []


Overfull \hbox (66.59958pt too wide) in paragraph at lines 734--736
[][]\OT1/cmtt/m/n/12 USE IntegrandSHG1Mod, ONLY : SHG1_factor, SHG1DeltaFunctio
nFactor 
 []

[19] [20] [21] [22]
Overfull \hbox (14.15063pt too wide) in paragraph at lines 941--945
[]\OT1/cmr/m/n/12 you may want to play with the []\OT1/cmtt/m/n/12 SUBROUTINE W
hich_Transitions
 []


Overfull \hbox (17.85632pt too wide) in paragraph at lines 941--945
\OT1/cmr/m/n/12 to cho-se par-ti-cu-lar tran-si-tions, i.e. look in []\OT1/cmtt
/m/n/12 tetra_method_vc.f90\OT1/cmr/m/n/12 ,
 []

[23]
Overfull \hbox (1.12154pt too wide) in paragraph at lines 988--994
[]\OT1/cmr/m/n/12 edit []\OT1/cmtt/m/n/12 $TINIBA/utils/responses.txt \OT1/cmr/
m/n/12 and add the num-ber and
 []

[24]
Overfull \hbox (51.04718pt too wide) in alignment at lines 1100--1119
 [][][] []
 []

[25]
Overfull \hbox (40.57475pt too wide) in paragraph at lines 1122--1124
[]\OT1/cmr/m/n/12 Length-Gauge: La-ye-red res-pon-se by bms-unpublished. See []
\OT1/cmtt/m/n/12 shg-layer.pdf 
 []


Overfull \hbox (92.52423pt too wide) detected at line 1138
[]\OT1/cmr/m/n/12 [\OML/cmm/m/it/12 ^^_[]\OT1/cmr/m/n/12 ] = [] [] [] [] \OML/c
mm/m/it/12 ^^N\OT1/cmr/m/n/12 (\OML/cmm/m/it/12 ![] \OMS/cmsy/m/n/12 ^^@ \OML/c
mm/m/it/12 !\OT1/cmr/m/n/12 )[]
 []


Overfull \hbox (75.78946pt too wide) detected at line 1151
[]\OT1/cmr/m/n/12 [\OML/cmm/m/it/12 ^^_[]\OT1/cmr/m/n/12 ] = [] [] [] [] \OML/c
mm/m/it/12 ^^N\OT1/cmr/m/n/12 (\OML/cmm/m/it/12 ![] \OMS/cmsy/m/n/12 ^^@ \OML/c
mm/m/it/12 !\OT1/cmr/m/n/12 )[]
 []


Overfull \hbox (106.30885pt too wide) detected at line 1168
[]\OT1/cmr/m/n/12 [\OML/cmm/m/it/12 ^^_[]\OT1/cmr/m/n/12 ] = [] [] 4 [] \OML/cm
m/m/it/12 ^^N\OT1/cmr/m/n/12 (\OML/cmm/m/it/12 ![] \OMS/cmsy/m/n/12 ^^@ \OT1/cm
r/m/n/12 2\OML/cmm/m/it/12 !\OT1/cmr/m/n/12 )[]
 []


Overfull \hbox (84.10905pt too wide) detected at line 1179
[]\OT1/cmr/m/n/12 [\OML/cmm/m/it/12 ^^_[]\OT1/cmr/m/n/12 ] = [] [] [] [] \OML/c
mm/m/it/12 ^^N\OT1/cmr/m/n/12 (\OML/cmm/m/it/12 ![] \OMS/cmsy/m/n/12 ^^@ \OT1/c
mr/m/n/12 2\OML/cmm/m/it/12 !\OT1/cmr/m/n/12 )[]
 []


Overfull \hbox (11.22658pt too wide) detected at line 1201
\OML/cmm/m/it/12 ^^Q[]\OT1/cmr/m/n/12 (\OML/cmm/m/it/12 `\OMS/cmsy/m/n/12 j\OT1
/cmr/m/n/12 0; \OML/cmm/m/it/12 !; \OMS/cmsy/m/n/12 ^^@\OML/cmm/m/it/12 !\OT1/c
mr/m/n/12 ) = [] [] [] [] ^^A[](\OML/cmm/m/it/12 `\OT1/cmr/m/n/12 ; \OT1/cmr/bx
/n/12 k\OT1/cmr/m/n/12 )[][]\OML/cmm/m/it/12 r[]\OT1/cmr/m/n/12 (\OT1/cmr/bx/n/
12 k\OT1/cmr/m/n/12 )\OML/cmm/m/it/12 r[]\OT1/cmr/m/n/12 (\OT1/cmr/bx/n/12 k\OT
1/cmr/m/n/12 )[]\OML/cmm/m/it/12 ^^N\OT1/cmr/m/n/12 (\OML/cmm/m/it/12 ![]\OT1/c
mr/m/n/12 (\OT1/cmr/bx/n/12 k\OT1/cmr/m/n/12 ) \OMS/cmsy/m/n/12 ^^@ \OML/cmm/m/
it/12 !\OT1/cmr/m/n/12 )\OML/cmm/m/it/12 :[]
 []

[26] [27] [28]
Overfull \hbox (66.59958pt too wide) in paragraph at lines 1384--1392
[]\OT1/cmtt/m/n/12 ~/tiniba/tiniba2010/SRC_response/SRC_set/PhysicalConstantsMo
d.f90 
 []


Overfull \hbox (0.37791pt too wide) in paragraph at lines 1406--1407
[]\OT1/cmr/m/n/12 /home/usrname/temporal > /$TI-NI-BA/wien2k/creatingTree.sh GA
AS 
 []

[29]
Overfull \hbox (46.9249pt too wide) in paragraph at lines 1437--1437
 []\OT1/cmtt/m/n/12 [option-0] = run    -run ONLY momentum and energy  matrix e
lements[] 
 []


Overfull \hbox (16.04988pt too wide) in paragraph at lines 1441--1441
 []\OT1/cmtt/m/n/12 [option-1] = 0.001      -energy convercence LIMIT (0.0001 R
y)[] 
 []

[30]
Overfull \hbox (10.9476pt too wide) in paragraph at lines 1473--1473
[]\OT1/cmr/bx/n/17.28 The GW met-hod and Bethe-Salpeter Equa-
 []


Underfull \hbox (badness 10000) in paragraph at lines 1480--1482

 []

[31]
Overfull \hbox (11.02455pt too wide) in paragraph at lines 1510--1512
[][]\OT1/cmtt/m/n/12 $HOME/tiniba/verN.M/src_ibz> make clean -f Makefile_xeon
 []


Overfull \hbox (11.02455pt too wide) in paragraph at lines 1514--1516
[][]\OT1/cmtt/m/n/12 $HOME/tiniba/verN.M/src_ibz> make clean -f Makefile_quad
 []


Overfull \hbox (4.84955pt too wide) in paragraph at lines 1521--1523
[][]\OT1/cmtt/m/n/12 $TINIBA/verN.M/matrix_elements/ver3.0> compilerRPMNS.sh 
 []

[32]
Overfull \hbox (83.97491pt too wide) in paragraph at lines 1543--1543
 []\OT1/cmtt/m/n/12 u 1:(sqrt(($2+$4)**2+($3+$5)**2)) smooth csplines title '$\
chi^2_{xyz}$'[] 
 []


Overfull \hbox (59.51454pt too wide) in paragraph at lines 1550--1551
[][]\OT1/cmtt/m/n/12 $HOME/$TINIBA/SRC_response/all/[]\OT1/cmr/m/n/12 doNuevoSm
earingt$[]$juniot$[]$14t$[]$2010.sh[] 
 []


<../tiniba_shells-indautor/CERTIFICADO-INDAUTOR-TINIBA1.pdf, id=460, 612.8496pt
 x 794.97pt>
File: ../tiniba_shells-indautor/CERTIFICADO-INDAUTOR-TINIBA1.pdf Graphic file (
type pdf)
 <use ../tiniba_shells-indautor/CERTIFICADO-INDAUTOR-TINIBA1.pdf>
Package pdftex.def Info: ../tiniba_shells-indautor/CERTIFICADO-INDAUTOR-TINIBA1
.pdf used on input line 1558.
(pdftex.def)             Requested size: 367.71259pt x 476.98569pt.
Package atveryend Info: Empty hook `BeforeClearDocument' on input line 1565.

[33] [34 <../tiniba_shells-indautor/CERTIFICADO-INDAUTOR-TINIBA1.pdf>]
Package atveryend Info: Empty hook `AfterLastShipout' on input line 1565.

(./2tutorial.aux)
Package atveryend Info: Executing hook `AtVeryEndDocument' on input line 1565.
Package atveryend Info: Executing hook `AtEndAfterFileList' on input line 1565.

Package rerunfilecheck Info: File `2tutorial.out' has not changed.
(rerunfilecheck)             Checksum: 0C1CB40DFD1C95CE473973AB8213438B;1574.


LaTeX Font Warning: Size substitutions with differences
(Font)              up to 0.6pt have occurred.

Package atveryend Info: Empty hook `AtVeryVeryEnd' on input line 1565.
 ) 
Here is how much of TeX's memory you used:
 7255 strings out of 493633
 97938 string characters out of 3149115
 204120 words of memory out of 3000000
 10313 multiletter control sequences out of 15000+200000
 20865 words of font info for 79 fonts, out of 3000000 for 9000
 831 hyphenation exceptions out of 8191
 32i,14n,43p,336b,586s stack positions out of 5000i,500n,10000p,200000b,50000s
</sw/share/texmf-dist/fonts/type1/public/amsfonts/cm/cmbsy10.pfb></sw/share/t
exmf-dist/fonts/type1/public/amsfonts/cmextra/cmbsy8.pfb></sw/share/texmf-dist/
fonts/type1/public/amsfonts/cm/cmbx12.pfb></sw/share/texmf-dist/fonts/type1/pub
lic/amsfonts/cm/cmbx6.pfb></sw/share/texmf-dist/fonts/type1/public/amsfonts/cm/
cmbx8.pfb></sw/share/texmf-dist/fonts/type1/public/amsfonts/cm/cmex10.pfb></sw/
share/texmf-dist/fonts/type1/public/amsfonts/cm/cmmi10.pfb></sw/share/texmf-dis
t/fonts/type1/public/amsfonts/cm/cmmi12.pfb></sw/share/texmf-dist/fonts/type1/p
ublic/amsfonts/cm/cmmi8.pfb></sw/share/texmf-dist/fonts/type1/public/amsfonts/c
m/cmmib10.pfb></sw/share/texmf-dist/fonts/type1/public/amsfonts/cm/cmr10.pfb></
sw/share/texmf-dist/fonts/type1/public/amsfonts/cm/cmr12.pfb></sw/share/texmf-d
ist/fonts/type1/public/amsfonts/cm/cmr17.pfb></sw/share/texmf-dist/fonts/type1/
public/amsfonts/cm/cmr6.pfb></sw/share/texmf-dist/fonts/type1/public/amsfonts/c
m/cmr8.pfb></sw/share/texmf-dist/fonts/type1/public/amsfonts/cm/cmss10.pfb></sw
/share/texmf-dist/fonts/type1/public/amsfonts/cm/cmsy10.pfb></sw/share/texmf-di
st/fonts/type1/public/amsfonts/cm/cmsy6.pfb></sw/share/texmf-dist/fonts/type1/p
ublic/amsfonts/cm/cmsy8.pfb></sw/share/texmf-dist/fonts/type1/public/amsfonts/c
m/cmti12.pfb></sw/share/texmf-dist/fonts/type1/public/amsfonts/cm/cmtt10.pfb></
sw/share/texmf-dist/fonts/type1/public/amsfonts/cm/cmtt12.pfb></sw/share/texmf-
dist/fonts/type1/public/amsfonts/symbols/msbm10.pfb>
Output written on 2tutorial.pdf (34 pages, 760780 bytes).
PDF statistics:
 575 PDF objects out of 1000 (max. 8388607)
 489 compressed objects within 5 object streams
 131 named destinations out of 1000 (max. 500000)
 226 words of extra memory for PDF output out of 10000 (max. 10000000)

