\BOOKMARK [1][-]{section.1}{Introduction}{}% 1
\BOOKMARK [2][-]{subsection.1.1}{Why this guide?}{section.1}% 2
\BOOKMARK [2][-]{subsection.1.2}{Publications with tiniba}{section.1}% 3
\BOOKMARK [2][-]{subsection.1.3}{At the begining}{section.1}% 4
\BOOKMARK [1][-]{section.2}{Installation on medusa}{}% 5
\BOOKMARK [1][-]{section.3}{Administration on medusa}{}% 6
\BOOKMARK [2][-]{subsection.3.1}{How to : restart InfiniBand communications link }{section.3}% 7
\BOOKMARK [2][-]{subsection.3.2}{How to : mount homeib}{section.3}% 8
\BOOKMARK [1][-]{section.4}{How to run a TINIBA\256 test case}{}% 9
\BOOKMARK [1][-]{section.5}{Benchmark Test}{}% 10
\BOOKMARK [1][-]{section.6}{Optics}{}% 11
\BOOKMARK [1][-]{section.7}{Examples}{}% 12
\BOOKMARK [2][-]{subsection.7.1}{Bulk}{section.7}% 13
\BOOKMARK [2][-]{subsection.7.2}{Surface}{section.7}% 14
\BOOKMARK [1][-]{section.8}{For developers : how to include a new optics subroutine}{}% 15
\BOOKMARK [2][-]{subsection.8.1}{a la Cabellos}{section.8}% 16
\BOOKMARK [2][-]{subsection.8.2}{Programs for Bulk and Layer-by-Layer response}{section.8}% 17
\BOOKMARK [2][-]{subsection.8.3}{Shell for Bulk and Layer-by-Layer response}{section.8}% 18
\BOOKMARK [2][-]{subsection.8.4}{Formulas and Units}{section.8}% 19
\BOOKMARK [1][-]{section.9}{Wien2k}{}% 20
\BOOKMARK [1][-]{section.10}{Refinement over k-points}{}% 21
\BOOKMARK [1][-]{section.11}{The GW method and Bethe-Salpeter Equation}{}% 22
\BOOKMARK [1][-]{section.12}{Surfaces }{}% 23
\BOOKMARK [1][-]{section.13}{Contributors}{}% 24
\BOOKMARK [1][-]{appendix.A}{Extras}{}% 25
